<?xml version="1.0" encoding="UTF-8"?>
<coverage generated="1591243935115" clover="3.2.0">
  <project timestamp="1591243935115" name="All files">
    <metrics statements="33" coveredstatements="33" conditionals="21" coveredconditionals="21" methods="6" coveredmethods="6" elements="60" coveredelements="60" complexity="0" loc="33" ncloc="33" packages="1" files="1" classes="1">
      <file name="index.js" path="/home/jesse/UTFPR/projeto_chamada_automatica/react-ninja-m02/GitHubApp/src/utils/pagination/index.js">
        <metrics statements="33" coveredstatements="33" conditionals="21" coveredconditionals="21" methods="6" coveredmethods="6"/>
        <line num="3" count="1" type="stmt"/>
        <line num="4" count="42" type="cond" truecount="2" falsecount="0"/>
        <line num="6" count="33" type="cond" truecount="2" falsecount="0"/>
        <line num="8" count="27" type="stmt"/>
        <line num="11" count="45" type="stmt"/>
        <line num="13" count="1" type="cond" truecount="3" falsecount="0"/>
        <line num="14" count="23" type="cond" truecount="2" falsecount="0"/>
        <line num="15" count="1" type="stmt"/>
        <line num="18" count="22" type="cond" truecount="2" falsecount="0"/>
        <line num="19" count="1" type="stmt"/>
        <line num="22" count="21" type="cond" truecount="2" falsecount="0"/>
        <line num="23" count="12" type="stmt"/>
        <line num="26" count="14" type="stmt"/>
        <line num="28" count="14" type="stmt"/>
        <line num="30" count="42" type="stmt"/>
        <line num="34" count="70" type="stmt"/>
        <line num="39" count="14" type="stmt"/>
        <line num="40" count="14" type="stmt"/>
        <line num="42" count="14" type="cond" truecount="2" falsecount="0"/>
        <line num="43" count="2" type="stmt"/>
        <line num="51" count="14" type="stmt"/>
        <line num="52" count="14" type="stmt"/>
        <line num="54" count="14" type="cond" truecount="2" falsecount="0"/>
        <line num="55" count="2" type="stmt"/>
        <line num="65" count="14" type="stmt"/>
        <line num="66" count="14" type="stmt"/>
        <line num="68" count="14" type="cond" truecount="2" falsecount="0"/>
        <line num="69" count="6" type="stmt"/>
        <line num="77" count="14" type="stmt"/>
        <line num="78" count="14" type="stmt"/>
        <line num="80" count="14" type="cond" truecount="2" falsecount="0"/>
        <line num="81" count="6" type="stmt"/>
        <line num="88" count="14" type="stmt"/>
      </file>
    </metrics>
  </project>
</coverage>
