{"/home/jesse/UTFPR/projeto_chamada_automatica/react-ninja-m02/GitHubApp/src/utils/pagination/index.js": {"path":"/home/jesse/UTFPR/projeto_chamada_automatica/react-ninja-m02/GitHubApp/src/utils/pagination/index.js","statementMap":{"0":{"start":{"line":3,"column":19},"end":{"line":9,"column":1}},"1":{"start":{"line":4,"column":2},"end":{"line":4,"column":36}},"2":{"start":{"line":4,"column":27},"end":{"line":4,"column":36}},"3":{"start":{"line":6,"column":2},"end":{"line":6,"column":50}},"4":{"start":{"line":6,"column":28},"end":{"line":6,"column":50}},"5":{"start":{"line":8,"column":2},"end":{"line":8,"column":24}},"6":{"start":{"line":11,"column":17},"end":{"line":11,"column":53}},"7":{"start":{"line":11,"column":28},"end":{"line":11,"column":53}},"8":{"start":{"line":13,"column":19},"end":{"line":89,"column":1}},"9":{"start":{"line":14,"column":2},"end":{"line":16,"column":3}},"10":{"start":{"line":15,"column":4},"end":{"line":15,"column":52}},"11":{"start":{"line":18,"column":2},"end":{"line":20,"column":3}},"12":{"start":{"line":19,"column":4},"end":{"line":19,"column":57}},"13":{"start":{"line":22,"column":2},"end":{"line":24,"column":3}},"14":{"start":{"line":23,"column":4},"end":{"line":23,"column":58}},"15":{"start":{"line":23,"column":51},"end":{"line":23,"column":56}},"16":{"start":{"line":26,"column":23},"end":{"line":26,"column":24}},"17":{"start":{"line":28,"column":14},"end":{"line":32,"column":3}},"18":{"start":{"line":30,"column":54},"end":{"line":30,"column":91}},"19":{"start":{"line":34,"column":2},"end":{"line":34,"column":77}},"20":{"start":{"line":34,"column":47},"end":{"line":34,"column":76}},"21":{"start":{"line":39,"column":18},"end":{"line":39,"column":26}},"22":{"start":{"line":40,"column":19},"end":{"line":40,"column":27}},"23":{"start":{"line":42,"column":2},"end":{"line":48,"column":3}},"24":{"start":{"line":43,"column":3},"end":{"line":47,"column":5}},"25":{"start":{"line":51,"column":24},"end":{"line":51,"column":47}},"26":{"start":{"line":52,"column":17},"end":{"line":52,"column":40}},"27":{"start":{"line":54,"column":2},"end":{"line":60,"column":3}},"28":{"start":{"line":55,"column":4},"end":{"line":59,"column":6}},"29":{"start":{"line":65,"column":2},"end":{"line":65,"column":23}},"30":{"start":{"line":66,"column":2},"end":{"line":66,"column":24}},"31":{"start":{"line":68,"column":2},"end":{"line":74,"column":3}},"32":{"start":{"line":69,"column":4},"end":{"line":73,"column":6}},"33":{"start":{"line":77,"column":2},"end":{"line":77,"column":44}},"34":{"start":{"line":78,"column":2},"end":{"line":78,"column":37}},"35":{"start":{"line":80,"column":2},"end":{"line":86,"column":3}},"36":{"start":{"line":81,"column":4},"end":{"line":85,"column":6}},"37":{"start":{"line":88,"column":2},"end":{"line":88,"column":15}}},"fnMap":{"0":{"name":"(anonymous_0)","decl":{"start":{"line":3,"column":19},"end":{"line":3,"column":20}},"loc":{"start":{"line":3,"column":46},"end":{"line":9,"column":1}},"line":3},"1":{"name":"(anonymous_1)","decl":{"start":{"line":11,"column":17},"end":{"line":11,"column":18}},"loc":{"start":{"line":11,"column":28},"end":{"line":11,"column":53}},"line":11},"2":{"name":"(anonymous_2)","decl":{"start":{"line":13,"column":19},"end":{"line":13,"column":20}},"loc":{"start":{"line":13,"column":60},"end":{"line":89,"column":1}},"line":13},"3":{"name":"(anonymous_3)","decl":{"start":{"line":23,"column":41},"end":{"line":23,"column":42}},"loc":{"start":{"line":23,"column":51},"end":{"line":23,"column":56}},"line":23},"4":{"name":"(anonymous_4)","decl":{"start":{"line":30,"column":44},"end":{"line":30,"column":45}},"loc":{"start":{"line":30,"column":54},"end":{"line":30,"column":91}},"line":30},"5":{"name":"(anonymous_5)","decl":{"start":{"line":34,"column":23},"end":{"line":34,"column":24}},"loc":{"start":{"line":34,"column":47},"end":{"line":34,"column":76}},"line":34}},"branchMap":{"0":{"loc":{"start":{"line":4,"column":2},"end":{"line":4,"column":36}},"type":"if","locations":[{"start":{"line":4,"column":2},"end":{"line":4,"column":36}},{"start":{"line":4,"column":2},"end":{"line":4,"column":36}}],"line":4},"1":{"loc":{"start":{"line":6,"column":2},"end":{"line":6,"column":50}},"type":"if","locations":[{"start":{"line":6,"column":2},"end":{"line":6,"column":50}},{"start":{"line":6,"column":2},"end":{"line":6,"column":50}}],"line":6},"2":{"loc":{"start":{"line":13,"column":20},"end":{"line":13,"column":55}},"type":"default-arg","locations":[{"start":{"line":13,"column":52},"end":{"line":13,"column":55}}],"line":13},"3":{"loc":{"start":{"line":13,"column":22},"end":{"line":13,"column":31}},"type":"default-arg","locations":[{"start":{"line":13,"column":30},"end":{"line":13,"column":31}}],"line":13},"4":{"loc":{"start":{"line":13,"column":33},"end":{"line":13,"column":47}},"type":"default-arg","locations":[{"start":{"line":13,"column":46},"end":{"line":13,"column":47}}],"line":13},"5":{"loc":{"start":{"line":14,"column":2},"end":{"line":16,"column":3}},"type":"if","locations":[{"start":{"line":14,"column":2},"end":{"line":16,"column":3}},{"start":{"line":14,"column":2},"end":{"line":16,"column":3}}],"line":14},"6":{"loc":{"start":{"line":18,"column":2},"end":{"line":20,"column":3}},"type":"if","locations":[{"start":{"line":18,"column":2},"end":{"line":20,"column":3}},{"start":{"line":18,"column":2},"end":{"line":20,"column":3}}],"line":18},"7":{"loc":{"start":{"line":22,"column":2},"end":{"line":24,"column":3}},"type":"if","locations":[{"start":{"line":22,"column":2},"end":{"line":24,"column":3}},{"start":{"line":22,"column":2},"end":{"line":24,"column":3}}],"line":22},"8":{"loc":{"start":{"line":42,"column":2},"end":{"line":48,"column":3}},"type":"if","locations":[{"start":{"line":42,"column":2},"end":{"line":48,"column":3}},{"start":{"line":42,"column":2},"end":{"line":48,"column":3}}],"line":42},"9":{"loc":{"start":{"line":54,"column":2},"end":{"line":60,"column":3}},"type":"if","locations":[{"start":{"line":54,"column":2},"end":{"line":60,"column":3}},{"start":{"line":54,"column":2},"end":{"line":60,"column":3}}],"line":54},"10":{"loc":{"start":{"line":68,"column":2},"end":{"line":74,"column":3}},"type":"if","locations":[{"start":{"line":68,"column":2},"end":{"line":74,"column":3}},{"start":{"line":68,"column":2},"end":{"line":74,"column":3}}],"line":68},"11":{"loc":{"start":{"line":80,"column":2},"end":{"line":86,"column":3}},"type":"if","locations":[{"start":{"line":80,"column":2},"end":{"line":86,"column":3}},{"start":{"line":80,"column":2},"end":{"line":86,"column":3}}],"line":80}},"s":{"0":1,"1":42,"2":9,"3":33,"4":6,"5":27,"6":1,"7":45,"8":1,"9":23,"10":1,"11":22,"12":1,"13":21,"14":7,"15":12,"16":14,"17":14,"18":42,"19":14,"20":70,"21":14,"22":14,"23":14,"24":2,"25":14,"26":14,"27":14,"28":2,"29":14,"30":14,"31":14,"32":6,"33":14,"34":14,"35":14,"36":6,"37":14},"f":{"0":42,"1":45,"2":23,"3":12,"4":42,"5":70},"b":{"0":[9,33],"1":[6,27],"2":[1],"3":[4],"4":[4],"5":[1,22],"6":[1,21],"7":[7,14],"8":[2,12],"9":[2,12],"10":[6,8],"11":[6,8]},"_coverageSchema":"332fd63041d2c1bcb487cc26dd0d5f7d97098a6c","hash":"c4886a095609523bdb81a9a2755c0ec59ffeb3f1"}
}
