{"/home/jesse/UTFPR/projeto_chamada_automatica/react-ninja-m02/GitHubApp/src/utils/pagination/index.js": {"path":"/home/jesse/UTFPR/projeto_chamada_automatica/react-ninja-m02/GitHubApp/src/utils/pagination/index.js","statementMap":{"0":{"start":{"line":3,"column":19},"end":{"line":9,"column":1}},"1":{"start":{"line":4,"column":2},"end":{"line":4,"column":36}},"2":{"start":{"line":4,"column":27},"end":{"line":4,"column":36}},"3":{"start":{"line":6,"column":2},"end":{"line":6,"column":50}},"4":{"start":{"line":6,"column":28},"end":{"line":6,"column":50}},"5":{"start":{"line":8,"column":2},"end":{"line":8,"column":24}},"6":{"start":{"line":11,"column":19},"end":{"line":79,"column":1}},"7":{"start":{"line":12,"column":2},"end":{"line":14,"column":3}},"8":{"start":{"line":13,"column":4},"end":{"line":13,"column":58}},"9":{"start":{"line":13,"column":51},"end":{"line":13,"column":56}},"10":{"start":{"line":16,"column":23},"end":{"line":16,"column":24}},"11":{"start":{"line":18,"column":14},"end":{"line":22,"column":3}},"12":{"start":{"line":20,"column":54},"end":{"line":20,"column":91}},"13":{"start":{"line":24,"column":2},"end":{"line":24,"column":77}},"14":{"start":{"line":24,"column":47},"end":{"line":24,"column":76}},"15":{"start":{"line":29,"column":18},"end":{"line":29,"column":26}},"16":{"start":{"line":30,"column":19},"end":{"line":30,"column":27}},"17":{"start":{"line":32,"column":2},"end":{"line":38,"column":3}},"18":{"start":{"line":33,"column":3},"end":{"line":37,"column":5}},"19":{"start":{"line":41,"column":24},"end":{"line":41,"column":47}},"20":{"start":{"line":42,"column":17},"end":{"line":42,"column":40}},"21":{"start":{"line":44,"column":2},"end":{"line":50,"column":3}},"22":{"start":{"line":45,"column":4},"end":{"line":49,"column":6}},"23":{"start":{"line":55,"column":2},"end":{"line":55,"column":23}},"24":{"start":{"line":56,"column":2},"end":{"line":56,"column":24}},"25":{"start":{"line":58,"column":2},"end":{"line":64,"column":3}},"26":{"start":{"line":59,"column":4},"end":{"line":63,"column":6}},"27":{"start":{"line":67,"column":2},"end":{"line":67,"column":44}},"28":{"start":{"line":68,"column":2},"end":{"line":68,"column":37}},"29":{"start":{"line":70,"column":2},"end":{"line":76,"column":3}},"30":{"start":{"line":71,"column":4},"end":{"line":75,"column":6}},"31":{"start":{"line":78,"column":2},"end":{"line":78,"column":15}}},"fnMap":{"0":{"name":"(anonymous_0)","decl":{"start":{"line":3,"column":19},"end":{"line":3,"column":20}},"loc":{"start":{"line":3,"column":46},"end":{"line":9,"column":1}},"line":3},"1":{"name":"(anonymous_1)","decl":{"start":{"line":11,"column":19},"end":{"line":11,"column":20}},"loc":{"start":{"line":11,"column":46},"end":{"line":79,"column":1}},"line":11},"2":{"name":"(anonymous_2)","decl":{"start":{"line":13,"column":41},"end":{"line":13,"column":42}},"loc":{"start":{"line":13,"column":51},"end":{"line":13,"column":56}},"line":13},"3":{"name":"(anonymous_3)","decl":{"start":{"line":20,"column":44},"end":{"line":20,"column":45}},"loc":{"start":{"line":20,"column":54},"end":{"line":20,"column":91}},"line":20},"4":{"name":"(anonymous_4)","decl":{"start":{"line":24,"column":23},"end":{"line":24,"column":24}},"loc":{"start":{"line":24,"column":47},"end":{"line":24,"column":76}},"line":24}},"branchMap":{"0":{"loc":{"start":{"line":4,"column":2},"end":{"line":4,"column":36}},"type":"if","locations":[{"start":{"line":4,"column":2},"end":{"line":4,"column":36}},{"start":{"line":4,"column":2},"end":{"line":4,"column":36}}],"line":4},"1":{"loc":{"start":{"line":6,"column":2},"end":{"line":6,"column":50}},"type":"if","locations":[{"start":{"line":6,"column":2},"end":{"line":6,"column":50}},{"start":{"line":6,"column":2},"end":{"line":6,"column":50}}],"line":6},"2":{"loc":{"start":{"line":12,"column":2},"end":{"line":14,"column":3}},"type":"if","locations":[{"start":{"line":12,"column":2},"end":{"line":14,"column":3}},{"start":{"line":12,"column":2},"end":{"line":14,"column":3}}],"line":12},"3":{"loc":{"start":{"line":32,"column":2},"end":{"line":38,"column":3}},"type":"if","locations":[{"start":{"line":32,"column":2},"end":{"line":38,"column":3}},{"start":{"line":32,"column":2},"end":{"line":38,"column":3}}],"line":32},"4":{"loc":{"start":{"line":44,"column":2},"end":{"line":50,"column":3}},"type":"if","locations":[{"start":{"line":44,"column":2},"end":{"line":50,"column":3}},{"start":{"line":44,"column":2},"end":{"line":50,"column":3}}],"line":44},"5":{"loc":{"start":{"line":58,"column":2},"end":{"line":64,"column":3}},"type":"if","locations":[{"start":{"line":58,"column":2},"end":{"line":64,"column":3}},{"start":{"line":58,"column":2},"end":{"line":64,"column":3}}],"line":58},"6":{"loc":{"start":{"line":70,"column":2},"end":{"line":76,"column":3}},"type":"if","locations":[{"start":{"line":70,"column":2},"end":{"line":76,"column":3}},{"start":{"line":70,"column":2},"end":{"line":76,"column":3}}],"line":70}},"s":{"0":1,"1":39,"2":6,"3":33,"4":6,"5":27,"6":1,"7":16,"8":3,"9":8,"10":13,"11":13,"12":39,"13":13,"14":65,"15":13,"16":13,"17":13,"18":2,"19":13,"20":13,"21":13,"22":2,"23":13,"24":13,"25":13,"26":6,"27":13,"28":13,"29":13,"30":5,"31":13},"f":{"0":39,"1":16,"2":8,"3":39,"4":65},"b":{"0":[6,33],"1":[6,27],"2":[3,13],"3":[2,11],"4":[2,11],"5":[6,7],"6":[5,8]},"_coverageSchema":"332fd63041d2c1bcb487cc26dd0d5f7d97098a6c","hash":"2403a2652f40ac1b47a19151800ebdc54376248d"}
}
