TN:
SF:/home/jesse/UTFPR/projeto_chamada_automatica/react-ninja-m02/GitHubApp/src/utils/pagination/index.js
FN:3,(anonymous_0)
FN:11,(anonymous_1)
FN:13,(anonymous_2)
FN:20,(anonymous_3)
FN:24,(anonymous_4)
FNF:5
FNH:5
FNDA:39,(anonymous_0)
FNDA:16,(anonymous_1)
FNDA:8,(anonymous_2)
FNDA:39,(anonymous_3)
FNDA:65,(anonymous_4)
DA:3,1
DA:4,39
DA:6,33
DA:8,27
DA:11,1
DA:12,16
DA:13,8
DA:16,13
DA:18,13
DA:20,39
DA:24,65
DA:29,13
DA:30,13
DA:32,13
DA:33,2
DA:41,13
DA:42,13
DA:44,13
DA:45,2
DA:55,13
DA:56,13
DA:58,13
DA:59,6
DA:67,13
DA:68,13
DA:70,13
DA:71,5
DA:78,13
LF:28
LH:28
BRDA:4,0,0,6
BRDA:4,0,1,33
BRDA:6,1,0,6
BRDA:6,1,1,27
BRDA:12,2,0,3
BRDA:12,2,1,13
BRDA:32,3,0,2
BRDA:32,3,1,11
BRDA:44,4,0,2
BRDA:44,4,1,11
BRDA:58,5,0,6
BRDA:58,5,1,7
BRDA:70,6,0,5
BRDA:70,6,1,8
BRF:14
BRH:14
end_of_record
