TN:
SF:/home/jesse/UTFPR/projeto_chamada_automatica/react-ninja-m02/GitHubApp/src/utils/pagination/index.js
FN:3,(anonymous_0)
FN:11,(anonymous_1)
FN:13,(anonymous_2)
FN:23,(anonymous_3)
FN:30,(anonymous_4)
FN:34,(anonymous_5)
FNF:6
FNH:6
FNDA:42,(anonymous_0)
FNDA:45,(anonymous_1)
FNDA:23,(anonymous_2)
FNDA:12,(anonymous_3)
FNDA:42,(anonymous_4)
FNDA:70,(anonymous_5)
DA:3,1
DA:4,42
DA:6,33
DA:8,27
DA:11,45
DA:13,1
DA:14,23
DA:15,1
DA:18,22
DA:19,1
DA:22,21
DA:23,12
DA:26,14
DA:28,14
DA:30,42
DA:34,70
DA:39,14
DA:40,14
DA:42,14
DA:43,2
DA:51,14
DA:52,14
DA:54,14
DA:55,2
DA:65,14
DA:66,14
DA:68,14
DA:69,6
DA:77,14
DA:78,14
DA:80,14
DA:81,6
DA:88,14
LF:33
LH:33
BRDA:4,0,0,9
BRDA:4,0,1,33
BRDA:6,1,0,6
BRDA:6,1,1,27
BRDA:13,2,0,1
BRDA:13,3,0,4
BRDA:13,4,0,4
BRDA:14,5,0,1
BRDA:14,5,1,22
BRDA:18,6,0,1
BRDA:18,6,1,21
BRDA:22,7,0,7
BRDA:22,7,1,14
BRDA:42,8,0,2
BRDA:42,8,1,12
BRDA:54,9,0,2
BRDA:54,9,1,12
BRDA:68,10,0,6
BRDA:68,10,1,8
BRDA:80,11,0,6
BRDA:80,11,1,8
BRF:21
BRH:21
end_of_record
